# JRE version: Java(TM) SE Runtime Environment (8.0_221-b11) (build 1.8.0_221-b11)
# Java VM: Java HotSpot(TM) 64-Bit Server VM (25.221-b11 mixed mode linux-amd64 compressed oops)
Heap:
 PSYoungGen      total 236544K, used 64K [0x00000000eab00000, 0x00000000fa280000, 0x0000000100000000)
  eden space 226304K, 0% used [0x00000000eab00000,0x00000000eab00000,0x00000000f8800000)
  from space 10240K, 0% used [0x00000000f8800000,0x00000000f8810000,0x00000000f9200000)
  to   space 10240K, 0% used [0x00000000f9200000,0x00000000f9200000,0x00000000f9c00000)
 ParOldGen       total 36864K, used 23343K [0x00000000c0000000, 0x00000000c2400000, 0x00000000eab00000)
  object space 36864K, 63% used [0x00000000c0000000,0x00000000c16cbd08,0x00000000c2400000)
 Metaspace       used 48687K, capacity 49090K, committed 49240K, reserved 1091584K
  class space    used 7106K, capacity 7200K, committed 7296K, reserved 1048576K
GC Heap History (10 events):
Event: 14.351 GC heap after
Heap after GC invocations=16 (full 2):
 PSYoungGen      total 168448K, used 2241K [0x00000000eab00000, 0x00000000f5a80000, 0x0000000100000000)
  eden space 157184K, 0% used [0x00000000eab00000,0x00000000eab00000,0x00000000f4480000)
  from space 11264K, 19% used [0x00000000f4f80000,0x00000000f51b0548,0x00000000f5a80000)
  to   space 11264K, 0% used [0x00000000f4480000,0x00000000f4480000,0x00000000f4f80000)
 ParOldGen       total 36864K, used 21211K [0x00000000c0000000, 0x00000000c2400000, 0x00000000eab00000)
  object space 36864K, 57% used [0x00000000c0000000,0x00000000c14b6c80,0x00000000c2400000)
 Metaspace       used 48669K, capacity 49026K, committed 49240K, reserved 1091584K
  class space    used 7106K, capacity 7200K, committed 7296K, reserved 1048576K
}
Event: 14.544 GC heap before
{Heap before GC invocations=17 (full 2):
 PSYoungGen      total 168448K, used 159425K [0x00000000eab00000, 0x00000000f5a80000, 0x0000000100000000)
  eden space 157184K, 100% used [0x00000000eab00000,0x00000000f4480000,0x00000000f4480000)
  from space 11264K, 19% used [0x00000000f4f80000,0x00000000f51b0548,0x00000000f5a80000)
  to   space 11264K, 0% used [0x00000000f4480000,0x00000000f4480000,0x00000000f4f80000)
 ParOldGen       total 36864K, used 21211K [0x00000000c0000000, 0x00000000c2400000, 0x00000000eab00000)
  object space 36864K, 57% used [0x00000000c0000000,0x00000000c14b6c80,0x00000000c2400000)
 Metaspace       used 48671K, capacity 49026K, committed 49240K, reserved 1091584K
  class space    used 7106K, capacity 7200K, committed 7296K, reserved 1048576K
Event: 14.548 GC heap after
Heap after GC invocations=17 (full 2):
 PSYoungGen      total 168448K, used 2151K [0x00000000eab00000, 0x00000000f7d00000, 0x0000000100000000)
  eden space 157184K, 0% used [0x00000000eab00000,0x00000000eab00000,0x00000000f4480000)
  from space 11264K, 19% used [0x00000000f4480000,0x00000000f4699c98,0x00000000f4f80000)
  to   space 10752K, 0% used [0x00000000f7280000,0x00000000f7280000,0x00000000f7d00000)
 ParOldGen       total 36864K, used 21219K [0x00000000c0000000, 0x00000000c2400000, 0x00000000eab00000)
  object space 36864K, 57% used [0x00000000c0000000,0x00000000c14b8c80,0x00000000c2400000)
 Metaspace       used 48671K, capacity 49026K, committed 49240K, reserved 1091584K
  class space    used 7106K, capacity 7200K, committed 7296K, reserved 1048576K
}
Event: 14.714 GC heap before
{Heap before GC invocations=18 (full 2):
 PSYoungGen      total 168448K, used 159335K [0x00000000eab00000, 0x00000000f7d00000, 0x0000000100000000)
  eden space 157184K, 100% used [0x00000000eab00000,0x00000000f4480000,0x00000000f4480000)
  from space 11264K, 19% used [0x00000000f4480000,0x00000000f4699c98,0x00000000f4f80000)
  to   space 10752K, 0% used [0x00000000f7280000,0x00000000f7280000,0x00000000f7d00000)
 ParOldGen       total 36864K, used 21219K [0x00000000c0000000, 0x00000000c2400000, 0x00000000eab00000)
  object space 36864K, 57% used [0x00000000c0000000,0x00000000c14b8c80,0x00000000c2400000)
 Metaspace       used 48673K, capacity 49026K, committed 49240K, reserved 1091584K
  class space    used 7106K, capacity 7200K, committed 7296K, reserved 1048576K
Event: 14.718 GC heap after
Heap after GC invocations=18 (full 2):
 PSYoungGen      total 204288K, used 2151K [0x00000000eab00000, 0x00000000f7f00000, 0x0000000100000000)
  eden space 193536K, 0% used [0x00000000eab00000,0x00000000eab00000,0x00000000f6800000)
  from space 10752K, 20% used [0x00000000f7280000,0x00000000f7499c98,0x00000000f7d00000)
  to   space 10752K, 0% used [0x00000000f6800000,0x00000000f6800000,0x00000000f7280000)
 ParOldGen       total 36864K, used 21219K [0x00000000c0000000, 0x00000000c2400000, 0x00000000eab00000)
  object space 36864K, 57% used [0x00000000c0000000,0x00000000c14b8c80,0x00000000c2400000)
 Metaspace       used 48673K, capacity 49026K, committed 49240K, reserved 1091584K
  class space    used 7106K, capacity 7200K, committed 7296K, reserved 1048576K
}
Event: 15.323 GC heap before
{Heap before GC invocations=19 (full 2):
 PSYoungGen      total 204288K, used 195687K [0x00000000eab00000, 0x00000000f7f00000, 0x0000000100000000)
  eden space 193536K, 100% used [0x00000000eab00000,0x00000000f6800000,0x00000000f6800000)
  from space 10752K, 20% used [0x00000000f7280000,0x00000000f7499c98,0x00000000f7d00000)
  to   space 10752K, 0% used [0x00000000f6800000,0x00000000f6800000,0x00000000f7280000)
 ParOldGen       total 36864K, used 21219K [0x00000000c0000000, 0x00000000c2400000, 0x00000000eab00000)
  object space 36864K, 57% used [0x00000000c0000000,0x00000000c14b8c80,0x00000000c2400000)
 Metaspace       used 48675K, capacity 49026K, committed 49240K, reserved 1091584K
  class space    used 7106K, capacity 7200K, committed 7296K, reserved 1048576K
Event: 15.347 GC heap after
Heap after GC invocations=19 (full 2):
 PSYoungGen      total 204288K, used 2151K [0x00000000eab00000, 0x00000000f9c00000, 0x0000000100000000)
  eden space 193536K, 0% used [0x00000000eab00000,0x00000000eab00000,0x00000000f6800000)
  from space 10752K, 20% used [0x00000000f6800000,0x00000000f6a19c98,0x00000000f7280000)
  to   space 10240K, 0% used [0x00000000f9200000,0x00000000f9200000,0x00000000f9c00000)
 ParOldGen       total 36864K, used 21219K [0x00000000c0000000, 0x00000000c2400000, 0x00000000eab00000)
  object space 36864K, 57% used [0x00000000c0000000,0x00000000c14b8c80,0x00000000c2400000)
 Metaspace       used 48675K, capacity 49026K, committed 49240K, reserved 1091584K
  class space    used 7106K, capacity 7200K, committed 7296K, reserved 1048576K
}
Event: 16.680 GC heap before
{Heap before GC invocations=20 (full 2):
 PSYoungGen      total 204288K, used 195687K [0x00000000eab00000, 0x00000000f9c00000, 0x0000000100000000)
  eden space 193536K, 100% used [0x00000000eab00000,0x00000000f6800000,0x00000000f6800000)
  from space 10752K, 20% used [0x00000000f6800000,0x00000000f6a19c98,0x00000000f7280000)
  to   space 10240K, 0% used [0x00000000f9200000,0x00000000f9200000,0x00000000f9c00000)
 ParOldGen       total 36864K, used 21219K [0x00000000c0000000, 0x00000000c2400000, 0x00000000eab00000)
  object space 36864K, 57% used [0x00000000c0000000,0x00000000c14b8c80,0x00000000c2400000)
 Metaspace       used 48684K, capacity 49090K, committed 49240K, reserved 1091584K
  class space    used 7106K, capacity 7200K, committed 7296K, reserved 1048576K
Event: 16.767 GC heap after
Heap after GC invocations=20 (full 2):
 PSYoungGen      total 236544K, used 2183K [0x00000000eab00000, 0x00000000fa280000, 0x0000000100000000)
  eden space 226304K, 0% used [0x00000000eab00000,0x00000000eab00000,0x00000000f8800000)
  from space 10240K, 21% used [0x00000000f9200000,0x00000000f9421c98,0x00000000f9c00000)
  to   space 10240K, 0% used [0x00000000f8800000,0x00000000f8800000,0x00000000f9200000)
 ParOldGen       total 36864K, used 21219K [0x00000000c0000000, 0x00000000c2400000, 0x00000000eab00000)
  object space 36864K, 57% used [0x00000000c0000000,0x00000000c14b8c80,0x00000000c2400000)
 Metaspace       used 48684K, capacity 49090K, committed 49240K, reserved 1091584K
  class space    used 7106K, capacity 7200K, committed 7296K, reserved 1048576K
}
Event: 17.673 GC heap before
{Heap before GC invocations=21 (full 2):
 PSYoungGen      total 236544K, used 228487K [0x00000000eab00000, 0x00000000fa280000, 0x0000000100000000)
  eden space 226304K, 100% used [0x00000000eab00000,0x00000000f8800000,0x00000000f8800000)
  from space 10240K, 21% used [0x00000000f9200000,0x00000000f9421c98,0x00000000f9c00000)
  to   space 10240K, 0% used [0x00000000f8800000,0x00000000f8800000,0x00000000f9200000)
 ParOldGen       total 36864K, used 21219K [0x00000000c0000000, 0x00000000c2400000, 0x00000000eab00000)
  object space 36864K, 57% used [0x00000000c0000000,0x00000000c14b8c80,0x00000000c2400000)
 Metaspace       used 48687K, capacity 49090K, committed 49240K, reserved 1091584K
  class space    used 7106K, capacity 7200K, committed 7296K, reserved 1048576K

